<?xml version="1.0" encoding="UTF-8"?>
<!-- Generated by org.testng.reporters.JUnitReportReporter -->
<testsuite skipped="0" hostname="LAPTOP-U82EF2BK" name="Academy.HomePage" tests="6" failures="0" timestamp="2021-10-05T13:11:33 IST" time="14.443" errors="0">
  <testcase name="login" time="0.536" classname="Academy.HomePage"/>
  <system-out/>
  <testcase name="drop" time="3.309" classname="Academy.HomePage"/>
  <system-out/>
  <testcase name="selectProduct" time="1.644" classname="Academy.HomePage"/>
  <system-out/>
  <testcase name="cart" time="1.121" classname="Academy.HomePage"/>
  <system-out/>
  <testcase name="Checkout" time="7.794" classname="Academy.HomePage"/>
  <system-out/>
  <testcase name="Validity" time="0.039" classname="Academy.HomePage"/>
  <system-out/>
</testsuite> <!-- Academy.HomePage -->
